2016-07-28T12:06:58.220Z - info: [90mGET /[39m [36m304[39m [90m342ms[39m
{"level":"info","message":"::ffff:127.0.0.1 - - [28/Jul/2016:12:19:44 +0000] \"GET / HTTP/1.1\" 304 - \"-\" \"Mozilla/5.0 (X11; Linux x86_64) AppleWebKit/537.36 (KHTML, like Gecko) Chrome/52.0.2743.82 Safari/537.36\"\n","timestamp":"2016-07-28T12:19:44.395Z"}
{"level":"info","message":"\u001b[0mGET / \u001b[36m304 \u001b[0m948.528 ms - -\u001b[0m\n","timestamp":"2016-07-28T12:21:46.813Z"}
{"level":"info","message":"\u001b[0mGET /error \u001b[33m400 \u001b[0m101.103 ms - 1178\u001b[0m\n","timestamp":"2016-07-28T12:22:17.359Z"}
{"level":"info","message":"\u001b[0mGET /login \u001b[36m304 \u001b[0m139.919 ms - -\u001b[0m\n","timestamp":"2016-07-28T12:22:42.864Z"}
{"level":"info","message":"\u001b[0mGET / \u001b[36m304 \u001b[0m349.705 ms - -\u001b[0m\n","timestamp":"2016-07-28T12:22:47.786Z"}
{"level":"info","message":"\u001b[0mGET / \u001b[36m304 \u001b[0m158.393 ms - -\u001b[0m\n","timestamp":"2016-07-28T12:22:50.731Z"}
{"level":"info","message":"\u001b[0mGET / \u001b[36m304 \u001b[0m121.383 ms - -\u001b[0m\n","timestamp":"2016-07-28T12:22:53.261Z"}
{"level":"info","message":"\u001b[0mGET /login \u001b[36m304 \u001b[0m231.584 ms - -\u001b[0m\n","timestamp":"2016-07-28T12:24:50.736Z"}
{"level":"info","message":"\u001b[0mPOST /login \u001b[36m302 \u001b[0m66.006 ms - 46\u001b[0m\n","timestamp":"2016-07-28T12:24:55.954Z"}
{"level":"info","message":"\u001b[0mGET / \u001b[32m200 \u001b[0m219.790 ms - 4875\u001b[0m\n","timestamp":"2016-07-28T12:24:56.184Z"}
{"level":"info","message":"\u001b[0mGET /admin/insert \u001b[32m200 \u001b[0m164.847 ms - 2747\u001b[0m\n","timestamp":"2016-07-28T12:24:57.922Z"}
{"level":"info","message":"\u001b[0mPOST /admin/insert \u001b[36m302 \u001b[0m20.435 ms - 46\u001b[0m\n","timestamp":"2016-07-28T12:26:34.298Z"}
{"level":"info","message":"\u001b[0mGET / \u001b[32m200 \u001b[0m156.168 ms - 5729\u001b[0m\n","timestamp":"2016-07-28T12:26:34.465Z"}
{"level":"info","message":"\u001b[0mGET /logout \u001b[36m302 \u001b[0m20.086 ms - 46\u001b[0m\n","timestamp":"2016-07-28T12:26:39.026Z"}
{"level":"info","message":"\u001b[0mGET / \u001b[32m200 \u001b[0m116.041 ms - 4940\u001b[0m\n","timestamp":"2016-07-28T12:26:39.150Z"}
{"level":"info","message":"\u001b[0mGET / \u001b[36m304 \u001b[0m889.467 ms - -\u001b[0m\n","timestamp":"2016-07-28T12:28:36.513Z"}
{"level":"info","message":"\u001b[0mGET /login \u001b[32m200 \u001b[0m121.437 ms - 1562\u001b[0m\n","timestamp":"2016-07-28T12:28:48.299Z"}
{"level":"info","message":"\u001b[0mGET /login \u001b[36m304 \u001b[0m2162.687 ms - -\u001b[0m\n","timestamp":"2016-07-28T13:19:46.874Z"}
{"level":"info","message":"\u001b[0mGET /login \u001b[32m200 \u001b[0m171.652 ms - 1562\u001b[0m\n","timestamp":"2016-07-28T13:19:47.066Z"}
{"level":"info","message":"\u001b[0mGET /favicon.ico \u001b[33m400 \u001b[0m91.953 ms - 1178\u001b[0m\n","timestamp":"2016-07-28T13:19:48.237Z"}
{"level":"info","message":"\u001b[0mPOST /login \u001b[36m302 \u001b[0m278.257 ms - 46\u001b[0m\n","timestamp":"2016-07-28T13:19:55.462Z"}
{"level":"info","message":"\u001b[0mGET / \u001b[36m304 \u001b[0m383.583 ms - -\u001b[0m\n","timestamp":"2016-07-28T13:19:55.811Z"}
{"level":"info","message":"\u001b[0mGET /favicon.ico \u001b[33m400 \u001b[0m97.312 ms - 1180\u001b[0m\n","timestamp":"2016-07-28T13:19:56.437Z"}
{"level":"info","message":"\u001b[0mGET /login \u001b[32m200 \u001b[0m230.709 ms - 1562\u001b[0m\n","timestamp":"2016-07-28T13:20:13.625Z"}
{"level":"info","message":"\u001b[0mGET /favicon.ico \u001b[33m400 \u001b[0m111.640 ms - 1180\u001b[0m\n","timestamp":"2016-07-28T13:20:14.766Z"}
{"level":"info","message":"\u001b[0mPOST /login \u001b[36m302 \u001b[0m31.648 ms - 46\u001b[0m\n","timestamp":"2016-07-28T13:20:18.098Z"}
{"level":"info","message":"\u001b[0mGET / \u001b[32m200 \u001b[0m309.069 ms - 5729\u001b[0m\n","timestamp":"2016-07-28T13:20:18.485Z"}
{"level":"info","message":"\u001b[0mGET /favicon.ico \u001b[33m400 \u001b[0m183.479 ms - 1180\u001b[0m\n","timestamp":"2016-07-28T13:20:19.131Z"}
{"level":"info","message":"\u001b[0mGET /logout \u001b[36m302 \u001b[0m15.073 ms - 46\u001b[0m\n","timestamp":"2016-07-28T13:20:26.984Z"}
{"level":"info","message":"\u001b[0mGET / \u001b[32m200 \u001b[0m251.850 ms - 4940\u001b[0m\n","timestamp":"2016-07-28T13:20:27.244Z"}
{"level":"info","message":"\u001b[0mGET /favicon.ico \u001b[33m400 \u001b[0m88.105 ms - 1178\u001b[0m\n","timestamp":"2016-07-28T13:20:27.876Z"}
{"level":"info","message":"\u001b[0mGET /login \u001b[32m200 \u001b[0m237.019 ms - 1562\u001b[0m\n","timestamp":"2016-07-28T13:20:37.258Z"}
{"level":"info","message":"\u001b[0mGET /favicon.ico \u001b[33m400 \u001b[0m133.297 ms - 1178\u001b[0m\n","timestamp":"2016-07-28T13:20:37.965Z"}
{"level":"info","message":"\u001b[0mPOST /login \u001b[36m302 \u001b[0m19.006 ms - 46\u001b[0m\n","timestamp":"2016-07-28T13:20:41.096Z"}
{"level":"info","message":"\u001b[0mGET / \u001b[32m200 \u001b[0m206.149 ms - 5729\u001b[0m\n","timestamp":"2016-07-28T13:20:41.317Z"}
{"level":"info","message":"\u001b[0mGET /favicon.ico \u001b[33m400 \u001b[0m70.265 ms - 1180\u001b[0m\n","timestamp":"2016-07-28T13:20:41.927Z"}
{"level":"info","message":"\u001b[0mGET /admin/insert \u001b[32m200 \u001b[0m131.930 ms - 2747\u001b[0m\n","timestamp":"2016-07-28T13:20:43.477Z"}
{"level":"info","message":"\u001b[0mGET /favicon.ico \u001b[33m400 \u001b[0m62.450 ms - 1180\u001b[0m\n","timestamp":"2016-07-28T13:20:44.112Z"}
{"level":"info","message":"\u001b[0mPOST /admin/insert \u001b[36m302 \u001b[0m85.276 ms - 46\u001b[0m\n","timestamp":"2016-07-28T13:20:57.991Z"}
{"level":"info","message":"\u001b[0mGET / \u001b[32m200 \u001b[0m145.019 ms - 6378\u001b[0m\n","timestamp":"2016-07-28T13:20:58.145Z"}
{"level":"info","message":"\u001b[0mGET /favicon.ico \u001b[33m400 \u001b[0m57.399 ms - 1180\u001b[0m\n","timestamp":"2016-07-28T13:20:58.747Z"}
{"level":"info","message":"\u001b[0mGET /admin/delete/9a602f45-a62a-4607-9c23-cf3ea4ee22c3 \u001b[36m302 \u001b[0m160.573 ms - 46\u001b[0m\n","timestamp":"2016-07-28T13:21:03.860Z"}
{"level":"info","message":"\u001b[0mGET / \u001b[32m200 \u001b[0m130.282 ms - 5729\u001b[0m\n","timestamp":"2016-07-28T13:21:03.998Z"}
{"level":"info","message":"\u001b[0mGET /favicon.ico \u001b[33m400 \u001b[0m56.365 ms - 1180\u001b[0m\n","timestamp":"2016-07-28T13:21:04.534Z"}
{"level":"info","message":"\u001b[0mGET /logout \u001b[36m302 \u001b[0m8.906 ms - 46\u001b[0m\n","timestamp":"2016-07-28T13:21:07.244Z"}
{"level":"info","message":"\u001b[0mGET / \u001b[32m200 \u001b[0m136.721 ms - 4940\u001b[0m\n","timestamp":"2016-07-28T13:21:07.388Z"}
{"level":"info","message":"\u001b[0mGET /favicon.ico \u001b[33m400 \u001b[0m67.639 ms - 1178\u001b[0m\n","timestamp":"2016-07-28T13:21:07.944Z"}
{"level":"info","message":"\u001b[0mGET / \u001b[36m304 \u001b[0m3827.749 ms - -\u001b[0m\n","timestamp":"2016-08-01T05:32:38.927Z"}
{"level":"info","message":"\u001b[0mGET /favicon.ico \u001b[33m400 \u001b[0m124.267 ms - 1178\u001b[0m\n","timestamp":"2016-08-01T05:32:40.284Z"}
{"level":"info","message":"\u001b[0mGET /login \u001b[32m200 \u001b[0m331.934 ms - 1562\u001b[0m\n","timestamp":"2016-08-01T05:43:03.349Z"}
{"level":"info","message":"\u001b[0mGET /favicon.ico \u001b[33m400 \u001b[0m111.761 ms - 1178\u001b[0m\n","timestamp":"2016-08-01T05:43:04.547Z"}
{"level":"info","message":"\u001b[0mGET /favicon.ico \u001b[33m400 \u001b[0m105.064 ms - 1178\u001b[0m\n","timestamp":"2016-08-01T05:43:19.906Z"}
{"level":"info","message":"\u001b[0mGET /login \u001b[36m304 \u001b[0m107.371 ms - -\u001b[0m\n","timestamp":"2016-08-01T05:43:22.717Z"}
{"level":"info","message":"\u001b[0mGET /favicon.ico \u001b[33m400 \u001b[0m72.591 ms - 1178\u001b[0m\n","timestamp":"2016-08-01T05:43:23.315Z"}
{"level":"info","message":"\u001b[0mGET / \u001b[36m304 \u001b[0m217.441 ms - -\u001b[0m\n","timestamp":"2016-08-01T05:43:27.348Z"}
{"level":"info","message":"\u001b[0mPOST /login \u001b[36m302 \u001b[0m264.672 ms - 46\u001b[0m\n","timestamp":"2016-08-01T05:43:27.350Z"}
{"level":"info","message":"\u001b[0mGET /favicon.ico \u001b[33m400 \u001b[0m75.624 ms - 1180\u001b[0m\n","timestamp":"2016-08-01T05:43:27.903Z"}
{"level":"info","message":"\u001b[0mGET / \u001b[32m200 \u001b[0m181.963 ms - 5729\u001b[0m\n","timestamp":"2016-08-01T05:43:30.472Z"}
{"level":"info","message":"\u001b[0mGET /favicon.ico \u001b[33m400 \u001b[0m55.954 ms - 1180\u001b[0m\n","timestamp":"2016-08-01T05:43:31.364Z"}
